# JRE version: OpenJDK Runtime Environment Temurin-17.0.7+7 (17.0.7+7) (build 17.0.7+7)
# Java VM: OpenJDK 64-Bit Server VM Temurin-17.0.7+7 (17.0.7+7, mixed mode, sharing, tiered, compressed oops, compressed class ptrs, g1 gc, windows-amd64)
GC Precious Log:
 CPUs: 12 total, 12 available
 Memory: 7518M
 Large Page Support: Disabled
 NUMA Support: Disabled
 Compressed Oops: Enabled (32-bit)
 Heap Region Size: 1M
 Heap Min Capacity: 256M
 Heap Initial Capacity: 256M
 Heap Max Capacity: 512M
 Pre-touch: Disabled
 Parallel Workers: 10
 Concurrent Workers: 3
 Concurrent Refinement Workers: 10
 Periodic GC: Disabled
Heap:
 garbage-first heap   total 262144K, used 168519K [0x00000000e0000000, 0x0000000100000000)
  region size 1024K, 135 young (138240K), 19 survivors (19456K)
 Metaspace       used 57362K, committed 57984K, reserved 393216K
  class space    used 7981K, committed 8256K, reserved 327680K
GC Heap History (14 events):
Event: 0.650 GC heap before
{Heap before GC invocations=0 (full 0):
 garbage-first heap   total 262144K, used 22528K [0x00000000e0000000, 0x0000000100000000)
  region size 1024K, 23 young (23552K), 0 survivors (0K)
 Metaspace       used 1081K, committed 1216K, reserved 393216K
  class space    used 74K, committed 128K, reserved 327680K
}
Event: 0.655 GC heap after
{Heap after GC invocations=1 (full 0):
 garbage-first heap   total 262144K, used 4109K [0x00000000e0000000, 0x0000000100000000)
  region size 1024K, 3 young (3072K), 3 survivors (3072K)
 Metaspace       used 1081K, committed 1216K, reserved 393216K
  class space    used 74K, committed 128K, reserved 327680K
}
Event: 1.534 GC heap before
{Heap before GC invocations=1 (full 0):
 garbage-first heap   total 262144K, used 40973K [0x00000000e0000000, 0x0000000100000000)
  region size 1024K, 36 young (36864K), 3 survivors (3072K)
 Metaspace       used 4338K, committed 4544K, reserved 393216K
  class space    used 543K, committed 640K, reserved 327680K
}
Event: 1.540 GC heap after
{Heap after GC invocations=2 (full 0):
 garbage-first heap   total 262144K, used 11018K [0x00000000e0000000, 0x0000000100000000)
  region size 1024K, 5 young (5120K), 5 survivors (5120K)
 Metaspace       used 4338K, committed 4544K, reserved 393216K
  class space    used 543K, committed 640K, reserved 327680K
}
Event: 2.050 GC heap before
{Heap before GC invocations=2 (full 0):
 garbage-first heap   total 262144K, used 60170K [0x00000000e0000000, 0x0000000100000000)
  region size 1024K, 51 young (52224K), 5 survivors (5120K)
 Metaspace       used 4838K, committed 4992K, reserved 393216K
  class space    used 624K, committed 704K, reserved 327680K
}
Event: 2.056 GC heap after
{Heap after GC invocations=3 (full 0):
 garbage-first heap   total 262144K, used 17254K [0x00000000e0000000, 0x0000000100000000)
  region size 1024K, 5 young (5120K), 5 survivors (5120K)
 Metaspace       used 4838K, committed 4992K, reserved 393216K
  class space    used 624K, committed 704K, reserved 327680K
}
Event: 4.202 GC heap before
{Heap before GC invocations=3 (full 0):
 garbage-first heap   total 262144K, used 120678K [0x00000000e0000000, 0x0000000100000000)
  region size 1024K, 107 young (109568K), 5 survivors (5120K)
 Metaspace       used 21179K, committed 21504K, reserved 393216K
  class space    used 3097K, committed 3264K, reserved 327680K
}
Event: 4.213 GC heap after
{Heap after GC invocations=4 (full 0):
 garbage-first heap   total 262144K, used 24300K [0x00000000e0000000, 0x0000000100000000)
  region size 1024K, 12 young (12288K), 12 survivors (12288K)
 Metaspace       used 21179K, committed 21504K, reserved 393216K
  class space    used 3097K, committed 3264K, reserved 327680K
}
Event: 5.765 GC heap before
{Heap before GC invocations=5 (full 0):
 garbage-first heap   total 262144K, used 125676K [0x00000000e0000000, 0x0000000100000000)
  region size 1024K, 113 young (115712K), 12 survivors (12288K)
 Metaspace       used 35665K, committed 36096K, reserved 393216K
  class space    used 5073K, committed 5248K, reserved 327680K
}
Event: 5.779 GC heap after
{Heap after GC invocations=6 (full 0):
 garbage-first heap   total 262144K, used 32766K [0x00000000e0000000, 0x0000000100000000)
  region size 1024K, 16 young (16384K), 16 survivors (16384K)
 Metaspace       used 35665K, committed 36096K, reserved 393216K
  class space    used 5073K, committed 5248K, reserved 327680K
}
Event: 7.572 GC heap before
{Heap before GC invocations=7 (full 0):
 garbage-first heap   total 262144K, used 179198K [0x00000000e0000000, 0x0000000100000000)
  region size 1024K, 153 young (156672K), 16 survivors (16384K)
 Metaspace       used 48049K, committed 48576K, reserved 393216K
  class space    used 6763K, committed 7040K, reserved 327680K
}
Event: 7.591 GC heap after
{Heap after GC invocations=8 (full 0):
 garbage-first heap   total 262144K, used 41015K [0x00000000e0000000, 0x0000000100000000)
  region size 1024K, 17 young (17408K), 17 survivors (17408K)
 Metaspace       used 48049K, committed 48576K, reserved 393216K
  class space    used 6763K, committed 7040K, reserved 327680K
}
Event: 9.294 GC heap before
{Heap before GC invocations=8 (full 0):
 garbage-first heap   total 262144K, used 179255K [0x00000000e0000000, 0x0000000100000000)
  region size 1024K, 153 young (156672K), 17 survivors (17408K)
 Metaspace       used 55736K, committed 56384K, reserved 393216K
  class space    used 7862K, committed 8192K, reserved 327680K
}
Event: 9.310 GC heap after
{Heap after GC invocations=9 (full 0):
 garbage-first heap   total 262144K, used 50759K [0x00000000e0000000, 0x0000000100000000)
  region size 1024K, 19 young (19456K), 19 survivors (19456K)
 Metaspace       used 55736K, committed 56384K, reserved 393216K
  class space    used 7862K, committed 8192K, reserved 327680K
}

