GC Precious Log:
 CPUs: 12 total, 12 available
 Memory: 7518M
 Large Page Support: Disabled
 NUMA Support: Disabled
 Compressed Oops: Enabled (32-bit)
 Alignments: Space 512K, Generation 512K, Heap 2M
 Heap Min Capacity: 100M
 Heap Initial Capacity: 100M
 Heap Max Capacity: 1G
 Pre-touch: Disabled
 Parallel Workers: 10
Heap:
 PSYoungGen      total 20992K, used 15072K [0x00000000eab00000, 0x00000000ec100000, 0x0000000100000000)
  eden space 19968K, 71% used [0x00000000eab00000,0x00000000eb900050,0x00000000ebe80000)
  from space 1024K, 71% used [0x00000000ebf00000,0x00000000ebfb8010,0x00000000ec000000)
  to   space 1024K, 0% used [0x00000000ec000000,0x00000000ec000000,0x00000000ec100000)
 ParOldGen       total 68608K, used 40390K [0x00000000c0000000, 0x00000000c4300000, 0x00000000eab00000)
  object space 68608K, 58% used [0x00000000c0000000,0x00000000c2771a10,0x00000000c4300000)
 Metaspace       used 70881K, committed 72064K, reserved 1114112K
  class space    used 8714K, committed 9280K, reserved 1048576K
GC Heap History (20 events):
Event: 17.862 GC heap before
{Heap before GC invocations=35 (full 3):
 PSYoungGen      total 20992K, used 20990K [0x00000000eab00000, 0x00000000ec300000, 0x0000000100000000)
  eden space 19968K, 100% used [0x00000000eab00000,0x00000000ebe80000,0x00000000ebe80000)
  from space 1024K, 99% used [0x00000000ec100000,0x00000000ec1ff870,0x00000000ec200000)
  to   space 1024K, 0% used [0x00000000ec200000,0x00000000ec200000,0x00000000ec300000)
 ParOldGen       total 68608K, used 38242K [0x00000000c0000000, 0x00000000c4300000, 0x00000000eab00000)
  object space 68608K, 55% used [0x00000000c0000000,0x00000000c2558b08,0x00000000c4300000)
 Metaspace       used 67367K, committed 68480K, reserved 1114112K
  class space    used 8298K, committed 8832K, reserved 1048576K
}
Event: 17.863 GC heap after
{Heap after GC invocations=35 (full 3):
 PSYoungGen      total 20992K, used 624K [0x00000000eab00000, 0x00000000ec300000, 0x0000000100000000)
  eden space 19968K, 0% used [0x00000000eab00000,0x00000000eab00000,0x00000000ebe80000)
  from space 1024K, 61% used [0x00000000ec200000,0x00000000ec29c310,0x00000000ec300000)
  to   space 1024K, 0% used [0x00000000ec100000,0x00000000ec100000,0x00000000ec200000)
 ParOldGen       total 68608K, used 38418K [0x00000000c0000000, 0x00000000c4300000, 0x00000000eab00000)
  object space 68608K, 55% used [0x00000000c0000000,0x00000000c2584b08,0x00000000c4300000)
 Metaspace       used 67367K, committed 68480K, reserved 1114112K
  class space    used 8298K, committed 8832K, reserved 1048576K
}
Event: 17.964 GC heap before
{Heap before GC invocations=36 (full 3):
 PSYoungGen      total 20992K, used 20592K [0x00000000eab00000, 0x00000000ec300000, 0x0000000100000000)
  eden space 19968K, 100% used [0x00000000eab00000,0x00000000ebe80000,0x00000000ebe80000)
  from space 1024K, 61% used [0x00000000ec200000,0x00000000ec29c310,0x00000000ec300000)
  to   space 1024K, 0% used [0x00000000ec100000,0x00000000ec100000,0x00000000ec200000)
 ParOldGen       total 68608K, used 38418K [0x00000000c0000000, 0x00000000c4300000, 0x00000000eab00000)
  object space 68608K, 55% used [0x00000000c0000000,0x00000000c2584b08,0x00000000c4300000)
 Metaspace       used 67722K, committed 68928K, reserved 1114112K
  class space    used 8351K, committed 8896K, reserved 1048576K
}
Event: 17.965 GC heap after
{Heap after GC invocations=36 (full 3):
 PSYoungGen      total 20992K, used 337K [0x00000000eab00000, 0x00000000ec280000, 0x0000000100000000)
  eden space 19968K, 0% used [0x00000000eab00000,0x00000000eab00000,0x00000000ebe80000)
  from space 1024K, 32% used [0x00000000ec100000,0x00000000ec1544e8,0x00000000ec200000)
  to   space 512K, 0% used [0x00000000ec200000,0x00000000ec200000,0x00000000ec280000)
 ParOldGen       total 68608K, used 38625K [0x00000000c0000000, 0x00000000c4300000, 0x00000000eab00000)
  object space 68608K, 56% used [0x00000000c0000000,0x00000000c25b8528,0x00000000c4300000)
 Metaspace       used 67722K, committed 68928K, reserved 1114112K
  class space    used 8351K, committed 8896K, reserved 1048576K
}
Event: 18.068 GC heap before
{Heap before GC invocations=37 (full 3):
 PSYoungGen      total 20992K, used 20305K [0x00000000eab00000, 0x00000000ec280000, 0x0000000100000000)
  eden space 19968K, 100% used [0x00000000eab00000,0x00000000ebe80000,0x00000000ebe80000)
  from space 1024K, 32% used [0x00000000ec100000,0x00000000ec1544e8,0x00000000ec200000)
  to   space 512K, 0% used [0x00000000ec200000,0x00000000ec200000,0x00000000ec280000)
 ParOldGen       total 68608K, used 38625K [0x00000000c0000000, 0x00000000c4300000, 0x00000000eab00000)
  object space 68608K, 56% used [0x00000000c0000000,0x00000000c25b8528,0x00000000c4300000)
 Metaspace       used 67722K, committed 68928K, reserved 1114112K
  class space    used 8351K, committed 8896K, reserved 1048576K
}
Event: 18.070 GC heap after
{Heap after GC invocations=37 (full 3):
 PSYoungGen      total 20480K, used 496K [0x00000000eab00000, 0x00000000ec280000, 0x0000000100000000)
  eden space 19968K, 0% used [0x00000000eab00000,0x00000000eab00000,0x00000000ebe80000)
  from space 512K, 96% used [0x00000000ec200000,0x00000000ec27c280,0x00000000ec280000)
  to   space 1536K, 0% used [0x00000000ebf80000,0x00000000ebf80000,0x00000000ec100000)
 ParOldGen       total 68608K, used 39373K [0x00000000c0000000, 0x00000000c4300000, 0x00000000eab00000)
  object space 68608K, 57% used [0x00000000c0000000,0x00000000c2673488,0x00000000c4300000)
 Metaspace       used 67722K, committed 68928K, reserved 1114112K
  class space    used 8351K, committed 8896K, reserved 1048576K
}
Event: 18.178 GC heap before
{Heap before GC invocations=38 (full 3):
 PSYoungGen      total 20480K, used 20464K [0x00000000eab00000, 0x00000000ec280000, 0x0000000100000000)
  eden space 19968K, 100% used [0x00000000eab00000,0x00000000ebe80000,0x00000000ebe80000)
  from space 512K, 96% used [0x00000000ec200000,0x00000000ec27c280,0x00000000ec280000)
  to   space 1536K, 0% used [0x00000000ebf80000,0x00000000ebf80000,0x00000000ec100000)
 ParOldGen       total 68608K, used 39373K [0x00000000c0000000, 0x00000000c4300000, 0x00000000eab00000)
  object space 68608K, 57% used [0x00000000c0000000,0x00000000c2673488,0x00000000c4300000)
 Metaspace       used 67722K, committed 68928K, reserved 1114112K
  class space    used 8351K, committed 8896K, reserved 1048576K
}
Event: 18.179 GC heap after
{Heap after GC invocations=38 (full 3):
 PSYoungGen      total 21504K, used 1297K [0x00000000eab00000, 0x00000000ec280000, 0x0000000100000000)
  eden space 19968K, 0% used [0x00000000eab00000,0x00000000eab00000,0x00000000ebe80000)
  from space 1536K, 84% used [0x00000000ebf80000,0x00000000ec0c44f0,0x00000000ec100000)
  to   space 1536K, 0% used [0x00000000ec100000,0x00000000ec100000,0x00000000ec280000)
 ParOldGen       total 68608K, used 39429K [0x00000000c0000000, 0x00000000c4300000, 0x00000000eab00000)
  object space 68608K, 57% used [0x00000000c0000000,0x00000000c2681488,0x00000000c4300000)
 Metaspace       used 67722K, committed 68928K, reserved 1114112K
  class space    used 8351K, committed 8896K, reserved 1048576K
}
Event: 18.307 GC heap before
{Heap before GC invocations=39 (full 3):
 PSYoungGen      total 21504K, used 21265K [0x00000000eab00000, 0x00000000ec280000, 0x0000000100000000)
  eden space 19968K, 100% used [0x00000000eab00000,0x00000000ebe80000,0x00000000ebe80000)
  from space 1536K, 84% used [0x00000000ebf80000,0x00000000ec0c44f0,0x00000000ec100000)
  to   space 1536K, 0% used [0x00000000ec100000,0x00000000ec100000,0x00000000ec280000)
 ParOldGen       total 68608K, used 39429K [0x00000000c0000000, 0x00000000c4300000, 0x00000000eab00000)
  object space 68608K, 57% used [0x00000000c0000000,0x00000000c2681488,0x00000000c4300000)
 Metaspace       used 67722K, committed 68928K, reserved 1114112K
  class space    used 8351K, committed 8896K, reserved 1048576K
}
Event: 18.309 GC heap after
{Heap after GC invocations=39 (full 3):
 PSYoungGen      total 20992K, used 983K [0x00000000eab00000, 0x00000000ec200000, 0x0000000100000000)
  eden space 19968K, 0% used [0x00000000eab00000,0x00000000eab00000,0x00000000ebe80000)
  from space 1024K, 96% used [0x00000000ec100000,0x00000000ec1f5dd0,0x00000000ec200000)
  to   space 1536K, 0% used [0x00000000ebf00000,0x00000000ebf00000,0x00000000ec080000)
 ParOldGen       total 68608K, used 39525K [0x00000000c0000000, 0x00000000c4300000, 0x00000000eab00000)
  object space 68608K, 57% used [0x00000000c0000000,0x00000000c2699488,0x00000000c4300000)
 Metaspace       used 67722K, committed 68928K, reserved 1114112K
  class space    used 8351K, committed 8896K, reserved 1048576K
}
Event: 18.455 GC heap before
{Heap before GC invocations=40 (full 3):
 PSYoungGen      total 20992K, used 20951K [0x00000000eab00000, 0x00000000ec200000, 0x0000000100000000)
  eden space 19968K, 100% used [0x00000000eab00000,0x00000000ebe80000,0x00000000ebe80000)
  from space 1024K, 96% used [0x00000000ec100000,0x00000000ec1f5dd0,0x00000000ec200000)
  to   space 1536K, 0% used [0x00000000ebf00000,0x00000000ebf00000,0x00000000ec080000)
 ParOldGen       total 68608K, used 39525K [0x00000000c0000000, 0x00000000c4300000, 0x00000000eab00000)
  object space 68608K, 57% used [0x00000000c0000000,0x00000000c2699488,0x00000000c4300000)
 Metaspace       used 67722K, committed 68928K, reserved 1114112K
  class space    used 8351K, committed 8896K, reserved 1048576K
}
Event: 18.456 GC heap after
{Heap after GC invocations=40 (full 3):
 PSYoungGen      total 21504K, used 770K [0x00000000eab00000, 0x00000000ec180000, 0x0000000100000000)
  eden space 19968K, 0% used [0x00000000eab00000,0x00000000eab00000,0x00000000ebe80000)
  from space 1536K, 50% used [0x00000000ebf00000,0x00000000ebfc08e0,0x00000000ec080000)
  to   space 1024K, 0% used [0x00000000ec080000,0x00000000ec080000,0x00000000ec180000)
 ParOldGen       total 68608K, used 39565K [0x00000000c0000000, 0x00000000c4300000, 0x00000000eab00000)
  object space 68608K, 57% used [0x00000000c0000000,0x00000000c26a3488,0x00000000c4300000)
 Metaspace       used 67722K, committed 68928K, reserved 1114112K
  class space    used 8351K, committed 8896K, reserved 1048576K
}
Event: 18.580 GC heap before
{Heap before GC invocations=41 (full 3):
 PSYoungGen      total 21504K, used 20738K [0x00000000eab00000, 0x00000000ec180000, 0x0000000100000000)
  eden space 19968K, 100% used [0x00000000eab00000,0x00000000ebe80000,0x00000000ebe80000)
  from space 1536K, 50% used [0x00000000ebf00000,0x00000000ebfc08e0,0x00000000ec080000)
  to   space 1024K, 0% used [0x00000000ec080000,0x00000000ec080000,0x00000000ec180000)
 ParOldGen       total 68608K, used 39565K [0x00000000c0000000, 0x00000000c4300000, 0x00000000eab00000)
  object space 68608K, 57% used [0x00000000c0000000,0x00000000c26a3488,0x00000000c4300000)
 Metaspace       used 67722K, committed 68928K, reserved 1114112K
  class space    used 8351K, committed 8896K, reserved 1048576K
}
Event: 18.581 GC heap after
{Heap after GC invocations=41 (full 3):
 PSYoungGen      total 20480K, used 330K [0x00000000eab00000, 0x00000000ec100000, 0x0000000100000000)
  eden space 19968K, 0% used [0x00000000eab00000,0x00000000eab00000,0x00000000ebe80000)
  from space 512K, 64% used [0x00000000ec080000,0x00000000ec0d29a0,0x00000000ec100000)
  to   space 512K, 0% used [0x00000000ec000000,0x00000000ec000000,0x00000000ec080000)
 ParOldGen       total 68608K, used 39589K [0x00000000c0000000, 0x00000000c4300000, 0x00000000eab00000)
  object space 68608K, 57% used [0x00000000c0000000,0x00000000c26a9488,0x00000000c4300000)
 Metaspace       used 67722K, committed 68928K, reserved 1114112K
  class space    used 8351K, committed 8896K, reserved 1048576K
}
Event: 18.703 GC heap before
{Heap before GC invocations=42 (full 3):
 PSYoungGen      total 20480K, used 20298K [0x00000000eab00000, 0x00000000ec100000, 0x0000000100000000)
  eden space 19968K, 100% used [0x00000000eab00000,0x00000000ebe80000,0x00000000ebe80000)
  from space 512K, 64% used [0x00000000ec080000,0x00000000ec0d29a0,0x00000000ec100000)
  to   space 512K, 0% used [0x00000000ec000000,0x00000000ec000000,0x00000000ec080000)
 ParOldGen       total 68608K, used 39589K [0x00000000c0000000, 0x00000000c4300000, 0x00000000eab00000)
  object space 68608K, 57% used [0x00000000c0000000,0x00000000c26a9488,0x00000000c4300000)
 Metaspace       used 67722K, committed 68928K, reserved 1114112K
  class space    used 8351K, committed 8896K, reserved 1048576K
}
Event: 18.704 GC heap after
{Heap after GC invocations=42 (full 3):
 PSYoungGen      total 20480K, used 224K [0x00000000eab00000, 0x00000000ec100000, 0x0000000100000000)
  eden space 19968K, 0% used [0x00000000eab00000,0x00000000eab00000,0x00000000ebe80000)
  from space 512K, 43% used [0x00000000ec000000,0x00000000ec038000,0x00000000ec080000)
  to   space 512K, 0% used [0x00000000ec080000,0x00000000ec080000,0x00000000ec100000)
 ParOldGen       total 68608K, used 39665K [0x00000000c0000000, 0x00000000c4300000, 0x00000000eab00000)
  object space 68608K, 57% used [0x00000000c0000000,0x00000000c26bc558,0x00000000c4300000)
 Metaspace       used 67722K, committed 68928K, reserved 1114112K
  class space    used 8351K, committed 8896K, reserved 1048576K
}
Event: 22.305 GC heap before
{Heap before GC invocations=43 (full 3):
 PSYoungGen      total 20480K, used 20192K [0x00000000eab00000, 0x00000000ec100000, 0x0000000100000000)
  eden space 19968K, 100% used [0x00000000eab00000,0x00000000ebe80000,0x00000000ebe80000)
  from space 512K, 43% used [0x00000000ec000000,0x00000000ec038000,0x00000000ec080000)
  to   space 512K, 0% used [0x00000000ec080000,0x00000000ec080000,0x00000000ec100000)
 ParOldGen       total 68608K, used 39665K [0x00000000c0000000, 0x00000000c4300000, 0x00000000eab00000)
  object space 68608K, 57% used [0x00000000c0000000,0x00000000c26bc558,0x00000000c4300000)
 Metaspace       used 69766K, committed 70976K, reserved 1114112K
  class space    used 8604K, committed 9152K, reserved 1048576K
}
Event: 22.307 GC heap after
{Heap after GC invocations=43 (full 3):
 PSYoungGen      total 20480K, used 512K [0x00000000eab00000, 0x00000000ec100000, 0x0000000100000000)
  eden space 19968K, 0% used [0x00000000eab00000,0x00000000eab00000,0x00000000ebe80000)
  from space 512K, 100% used [0x00000000ec080000,0x00000000ec100000,0x00000000ec100000)
  to   space 1024K, 0% used [0x00000000ebf00000,0x00000000ebf00000,0x00000000ec000000)
 ParOldGen       total 68608K, used 39881K [0x00000000c0000000, 0x00000000c4300000, 0x00000000eab00000)
  object space 68608K, 58% used [0x00000000c0000000,0x00000000c26f2568,0x00000000c4300000)
 Metaspace       used 69766K, committed 70976K, reserved 1114112K
  class space    used 8604K, committed 9152K, reserved 1048576K
}
Event: 28.570 GC heap before
{Heap before GC invocations=44 (full 3):
 PSYoungGen      total 20480K, used 20480K [0x00000000eab00000, 0x00000000ec100000, 0x0000000100000000)
  eden space 19968K, 100% used [0x00000000eab00000,0x00000000ebe80000,0x00000000ebe80000)
  from space 512K, 100% used [0x00000000ec080000,0x00000000ec100000,0x00000000ec100000)
  to   space 1024K, 0% used [0x00000000ebf00000,0x00000000ebf00000,0x00000000ec000000)
 ParOldGen       total 68608K, used 39881K [0x00000000c0000000, 0x00000000c4300000, 0x00000000eab00000)
  object space 68608K, 58% used [0x00000000c0000000,0x00000000c26f2568,0x00000000c4300000)
 Metaspace       used 70716K, committed 71936K, reserved 1114112K
  class space    used 8705K, committed 9280K, reserved 1048576K
}
Event: 28.572 GC heap after
{Heap after GC invocations=44 (full 3):
 PSYoungGen      total 20992K, used 736K [0x00000000eab00000, 0x00000000ec100000, 0x0000000100000000)
  eden space 19968K, 0% used [0x00000000eab00000,0x00000000eab00000,0x00000000ebe80000)
  from space 1024K, 71% used [0x00000000ebf00000,0x00000000ebfb8010,0x00000000ec000000)
  to   space 1024K, 0% used [0x00000000ec000000,0x00000000ec000000,0x00000000ec100000)
 ParOldGen       total 68608K, used 40390K [0x00000000c0000000, 0x00000000c4300000, 0x00000000eab00000)
  object space 68608K, 58% used [0x00000000c0000000,0x00000000c2771a10,0x00000000c4300000)
 Metaspace       used 70716K, committed 71936K, reserved 1114112K
  class space    used 8705K, committed 9280K, reserved 1048576K
}

