# JRE version: OpenJDK Runtime Environment Temurin-17.0.7+7 (17.0.7+7) (build 17.0.7+7)
# Java VM: OpenJDK 64-Bit Server VM Temurin-17.0.7+7 (17.0.7+7, mixed mode, sharing, tiered, compressed oops, compressed class ptrs, g1 gc, windows-amd64)
GC Precious Log:
 CPUs: 12 total, 12 available
 Memory: 7518M
 Large Page Support: Disabled
 NUMA Support: Disabled
 Compressed Oops: Enabled (32-bit)
 Heap Region Size: 1M
 Heap Min Capacity: 256M
 Heap Initial Capacity: 256M
 Heap Max Capacity: 512M
 Pre-touch: Disabled
 Parallel Workers: 10
 Concurrent Workers: 3
 Concurrent Refinement Workers: 10
 Periodic GC: Disabled
Heap:
 garbage-first heap   total 262144K, used 226953K [0x00000000e0000000, 0x0000000100000000)
  region size 1024K, 126 young (129024K), 11 survivors (11264K)
 Metaspace       used 82247K, committed 83328K, reserved 458752K
  class space    used 11286K, committed 11776K, reserved 327680K
GC Heap History (20 events):
Event: 4.822 GC heap before
{Heap before GC invocations=5 (full 0):
 garbage-first heap   total 262144K, used 163389K [0x00000000e0000000, 0x0000000100000000)
  region size 1024K, 150 young (153600K), 12 survivors (12288K)
 Metaspace       used 35552K, committed 35968K, reserved 393216K
  class space    used 5156K, committed 5376K, reserved 327680K
}
Event: 4.843 GC heap after
{Heap after GC invocations=6 (full 0):
 garbage-first heap   total 262144K, used 33169K [0x00000000e0000000, 0x0000000100000000)
  region size 1024K, 16 young (16384K), 16 survivors (16384K)
 Metaspace       used 35552K, committed 35968K, reserved 393216K
  class space    used 5156K, committed 5376K, reserved 327680K
}
Event: 6.200 GC heap before
{Heap before GC invocations=7 (full 0):
 garbage-first heap   total 262144K, used 177553K [0x00000000e0000000, 0x0000000100000000)
  region size 1024K, 153 young (156672K), 16 survivors (16384K)
 Metaspace       used 43816K, committed 44288K, reserved 393216K
  class space    used 6096K, committed 6272K, reserved 327680K
}
Event: 6.223 GC heap after
{Heap after GC invocations=8 (full 0):
 garbage-first heap   total 262144K, used 43506K [0x00000000e0000000, 0x0000000100000000)
  region size 1024K, 20 young (20480K), 20 survivors (20480K)
 Metaspace       used 43816K, committed 44288K, reserved 393216K
  class space    used 6096K, committed 6272K, reserved 327680K
}
Event: 7.319 GC heap before
{Heap before GC invocations=8 (full 0):
 garbage-first heap   total 262144K, used 178674K [0x00000000e0000000, 0x0000000100000000)
  region size 1024K, 153 young (156672K), 20 survivors (20480K)
 Metaspace       used 48544K, committed 49152K, reserved 393216K
  class space    used 6771K, committed 7040K, reserved 327680K
}
Event: 7.336 GC heap after
{Heap after GC invocations=9 (full 0):
 garbage-first heap   total 262144K, used 49585K [0x00000000e0000000, 0x0000000100000000)
  region size 1024K, 17 young (17408K), 17 survivors (17408K)
 Metaspace       used 48544K, committed 49152K, reserved 393216K
  class space    used 6771K, committed 7040K, reserved 327680K
}
Event: 9.058 GC heap before
{Heap before GC invocations=9 (full 0):
 garbage-first heap   total 262144K, used 128433K [0x00000000e0000000, 0x0000000100000000)
  region size 1024K, 93 young (95232K), 17 survivors (17408K)
 Metaspace       used 59547K, committed 60096K, reserved 393216K
  class space    used 8251K, committed 8512K, reserved 327680K
}
Event: 9.075 GC heap after
{Heap after GC invocations=10 (full 0):
 garbage-first heap   total 262144K, used 54635K [0x00000000e0000000, 0x0000000100000000)
  region size 1024K, 13 young (13312K), 13 survivors (13312K)
 Metaspace       used 59547K, committed 60096K, reserved 393216K
  class space    used 8251K, committed 8512K, reserved 327680K
}
Event: 10.703 GC heap before
{Heap before GC invocations=11 (full 0):
 garbage-first heap   total 262144K, used 197995K [0x00000000e0000000, 0x0000000100000000)
  region size 1024K, 153 young (156672K), 13 survivors (13312K)
 Metaspace       used 67346K, committed 68096K, reserved 393216K
  class space    used 9427K, committed 9792K, reserved 327680K
}
Event: 10.720 GC heap after
{Heap after GC invocations=12 (full 0):
 garbage-first heap   total 262144K, used 65867K [0x00000000e0000000, 0x0000000100000000)
  region size 1024K, 16 young (16384K), 16 survivors (16384K)
 Metaspace       used 67346K, committed 68096K, reserved 393216K
  class space    used 9427K, committed 9792K, reserved 327680K
}
Event: 12.758 GC heap before
{Heap before GC invocations=12 (full 0):
 garbage-first heap   total 262144K, used 206155K [0x00000000e0000000, 0x0000000100000000)
  region size 1024K, 153 young (156672K), 16 survivors (16384K)
 Metaspace       used 69450K, committed 70208K, reserved 393216K
  class space    used 9585K, committed 9920K, reserved 327680K
}
Event: 12.773 GC heap after
{Heap after GC invocations=13 (full 0):
 garbage-first heap   total 262144K, used 70182K [0x00000000e0000000, 0x0000000100000000)
  region size 1024K, 15 young (15360K), 15 survivors (15360K)
 Metaspace       used 69450K, committed 70208K, reserved 393216K
  class space    used 9585K, committed 9920K, reserved 327680K
}
Event: 63.900 GC heap before
{Heap before GC invocations=13 (full 0):
 garbage-first heap   total 262144K, used 207398K [0x00000000e0000000, 0x0000000100000000)
  region size 1024K, 150 young (153600K), 15 survivors (15360K)
 Metaspace       used 75107K, committed 75840K, reserved 393216K
  class space    used 10415K, committed 10752K, reserved 327680K
}
Event: 63.916 GC heap after
{Heap after GC invocations=14 (full 0):
 garbage-first heap   total 262144K, used 75521K [0x00000000e0000000, 0x0000000100000000)
  region size 1024K, 11 young (11264K), 11 survivors (11264K)
 Metaspace       used 75107K, committed 75840K, reserved 393216K
  class space    used 10415K, committed 10752K, reserved 327680K
}
Event: 219.296 GC heap before
{Heap before GC invocations=14 (full 0):
 garbage-first heap   total 262144K, used 210689K [0x00000000e0000000, 0x0000000100000000)
  region size 1024K, 144 young (147456K), 11 survivors (11264K)
 Metaspace       used 76635K, committed 77440K, reserved 458752K
  class space    used 10563K, committed 10944K, reserved 327680K
}
Event: 219.312 GC heap after
{Heap after GC invocations=15 (full 0):
 garbage-first heap   total 262144K, used 83161K [0x00000000e0000000, 0x0000000100000000)
  region size 1024K, 13 young (13312K), 13 survivors (13312K)
 Metaspace       used 76635K, committed 77440K, reserved 458752K
  class space    used 10563K, committed 10944K, reserved 327680K
}
Event: 529.879 GC heap before
{Heap before GC invocations=15 (full 0):
 garbage-first heap   total 262144K, used 221401K [0x00000000e0000000, 0x0000000100000000)
  region size 1024K, 138 young (141312K), 13 survivors (13312K)
 Metaspace       used 77828K, committed 78720K, reserved 458752K
  class space    used 10686K, committed 11136K, reserved 327680K
}
Event: 529.971 GC heap after
{Heap after GC invocations=16 (full 0):
 garbage-first heap   total 262144K, used 94796K [0x00000000e0000000, 0x0000000100000000)
  region size 1024K, 8 young (8192K), 8 survivors (8192K)
 Metaspace       used 77828K, committed 78720K, reserved 458752K
  class space    used 10686K, committed 11136K, reserved 327680K
}
Event: 531.242 GC heap before
{Heap before GC invocations=16 (full 0):
 garbage-first heap   total 262144K, used 214604K [0x00000000e0000000, 0x0000000100000000)
  region size 1024K, 125 young (128000K), 8 survivors (8192K)
 Metaspace       used 78689K, committed 79616K, reserved 458752K
  class space    used 10810K, committed 11264K, reserved 327680K
}
Event: 531.259 GC heap after
{Heap after GC invocations=17 (full 0):
 garbage-first heap   total 262144K, used 97929K [0x00000000e0000000, 0x0000000100000000)
  region size 1024K, 11 young (11264K), 11 survivors (11264K)
 Metaspace       used 78689K, committed 79616K, reserved 458752K
  class space    used 10810K, committed 11264K, reserved 327680K
}

